[APPLICATION]
NAME=RSV Scripture Text Files
TITLE=RSV Scripture Text Files

[UNINSTALL]
DELETE FILE=c:\myfiles\rsv_s\acts.txt
DELETE FILE=c:\myfiles\rsv_s\addesth.txt
DELETE FILE=c:\myfiles\rsv_s\amos.txt
DELETE FILE=c:\myfiles\rsv_s\bar.txt
DELETE FILE=c:\myfiles\rsv_s\bel.txt
DELETE FILE=c:\myfiles\rsv_s\col.txt
DELETE FILE=c:\myfiles\rsv_s\dan.txt
DELETE FILE=c:\myfiles\rsv_s\deut.txt
DELETE FILE=c:\myfiles\rsv_s\ecc.txt
DELETE FILE=c:\myfiles\rsv_s\eph.txt
DELETE FILE=c:\myfiles\rsv_s\esth.txt
DELETE FILE=c:\myfiles\rsv_s\exod.txt
DELETE FILE=c:\myfiles\rsv_s\ezek.txt
DELETE FILE=c:\myfiles\rsv_s\ezra.txt
DELETE FILE=c:\myfiles\rsv_s\gal.txt
DELETE FILE=c:\myfiles\rsv_s\gen.txt
DELETE FILE=c:\myfiles\rsv_s\hab.txt
DELETE FILE=c:\myfiles\rsv_s\hag.txt
DELETE FILE=c:\myfiles\rsv_s\heb.txt
DELETE FILE=c:\myfiles\rsv_s\hos.txt
DELETE FILE=c:\myfiles\rsv_s\i-chr.txt
DELETE FILE=c:\myfiles\rsv_s\i-cor.txt
DELETE FILE=c:\myfiles\rsv_s\i-esdr.txt
DELETE FILE=c:\myfiles\rsv_s\i-john.txt
DELETE FILE=c:\myfiles\rsv_s\i-kgs.txt
DELETE FILE=c:\myfiles\rsv_s\i-mac.txt
DELETE FILE=c:\myfiles\rsv_s\i-pet.txt
DELETE FILE=c:\myfiles\rsv_s\i-sam.txt
DELETE FILE=c:\myfiles\rsv_s\i-thes.txt
DELETE FILE=c:\myfiles\rsv_s\i-tim.txt
DELETE FILE=c:\myfiles\rsv_s\ii-chr.txt
DELETE FILE=c:\myfiles\rsv_s\ii-cor.txt
DELETE FILE=c:\myfiles\rsv_s\ii-esdr.txt
DELETE FILE=c:\myfiles\rsv_s\ii-john.txt
DELETE FILE=c:\myfiles\rsv_s\ii-kgs.txt
DELETE FILE=c:\myfiles\rsv_s\ii-mac.txt
DELETE FILE=c:\myfiles\rsv_s\ii-pet.txt
DELETE FILE=c:\myfiles\rsv_s\ii-sam.txt
DELETE FILE=c:\myfiles\rsv_s\ii-thes.txt
DELETE FILE=c:\myfiles\rsv_s\ii-tim.txt
DELETE FILE=c:\myfiles\rsv_s\iii-john.txt
DELETE FILE=c:\myfiles\rsv_s\iii-mac.txt
DELETE FILE=c:\myfiles\rsv_s\isa.txt
DELETE FILE=c:\myfiles\rsv_s\iv-mac.txt
DELETE FILE=c:\myfiles\rsv_s\jas.txt
DELETE FILE=c:\myfiles\rsv_s\jer.txt
DELETE FILE=c:\myfiles\rsv_s\job.txt
DELETE FILE=c:\myfiles\rsv_s\joel.txt
DELETE FILE=c:\myfiles\rsv_s\john.txt
DELETE FILE=c:\myfiles\rsv_s\jonah.txt
DELETE FILE=c:\myfiles\rsv_s\josh.txt
DELETE FILE=c:\myfiles\rsv_s\jude.txt
DELETE FILE=c:\myfiles\rsv_s\judg.txt
DELETE FILE=c:\myfiles\rsv_s\judith.txt
DELETE FILE=c:\myfiles\rsv_s\lam.txt
DELETE FILE=c:\myfiles\rsv_s\lev.txt
DELETE FILE=c:\myfiles\rsv_s\ltrjer.txt
DELETE FILE=c:\myfiles\rsv_s\luke.txt
DELETE FILE=c:\myfiles\rsv_s\mal.txt
DELETE FILE=c:\myfiles\rsv_s\mark.txt
DELETE FILE=c:\myfiles\rsv_s\matt.txt
DELETE FILE=c:\myfiles\rsv_s\mic.txt
DELETE FILE=c:\myfiles\rsv_s\nahum.txt
DELETE FILE=c:\myfiles\rsv_s\neh.txt
DELETE FILE=c:\myfiles\rsv_s\num.txt
DELETE FILE=c:\myfiles\rsv_s\obad.txt
DELETE FILE=c:\myfiles\rsv_s\phil.txt
DELETE FILE=c:\myfiles\rsv_s\phlm.txt
DELETE FILE=c:\myfiles\rsv_s\prazar.txt
DELETE FILE=c:\myfiles\rsv_s\prman.txt
DELETE FILE=c:\myfiles\rsv_s\prov.txt
DELETE FILE=c:\myfiles\rsv_s\ps151.txt
DELETE FILE=c:\myfiles\rsv_s\psalms.txt
DELETE FILE=c:\myfiles\rsv_s\rev.txt
DELETE FILE=c:\myfiles\rsv_s\rom.txt
DELETE FILE=c:\myfiles\rsv_s\ruth.txt
DELETE FILE=c:\myfiles\rsv_s\sir.txt
DELETE FILE=c:\myfiles\rsv_s\songsol.txt
DELETE FILE=c:\myfiles\rsv_s\sus.txt
DELETE FILE=c:\myfiles\rsv_s\titus.txt
DELETE FILE=c:\myfiles\rsv_s\tob.txt
DELETE FILE=c:\myfiles\rsv_s\wis.txt
DELETE FILE=c:\myfiles\rsv_s\zech.txt
DELETE FILE=c:\myfiles\rsv_s\zeph.txt
